<?xml version="1.0" encoding="UTF-8"?>
<!-- Generated by org.testng.reporters.JUnitReportReporter -->
<testsuite skipped="0" hostname="DESKTOP-VHDONAV" name="githubpush.cisco" tests="1" failures="0" timestamp="31 Jan 2019 09:30:33 GMT" time="0.014" errors="0">
  <testcase name="govind" time="0.014" classname="githubpush.cisco"/>
</testsuite> <!-- githubpush.cisco -->
